{"C:\\Users\\k.sanchez4\\Desktop\\PERN\\src\\router.ts": {"path":"C:\\Users\\k.sanchez4\\Desktop\\PERN\\src\\router.ts","statementMap":{"0":{"start":{"line":1,"column":0},"end":{"line":1,"column":33}},"1":{"start":{"line":2,"column":0},"end":{"line":2,"column":null}},"2":{"start":{"line":10,"column":0},"end":{"line":10,"column":48}},"3":{"start":{"line":11,"column":0},"end":{"line":11,"column":55}},"4":{"start":{"line":13,"column":15},"end":{"line":13,"column":23}},"5":{"start":{"line":16,"column":0},"end":{"line":16,"column":32}},"6":{"start":{"line":18,"column":0},"end":{"line":23,"column":2}},"7":{"start":{"line":25,"column":0},"end":{"line":39,"column":2}},"8":{"start":{"line":35,"column":23},"end":{"line":35,"column":32}},"9":{"start":{"line":41,"column":0},"end":{"line":54,"column":2}},"10":{"start":{"line":50,"column":23},"end":{"line":50,"column":32}},"11":{"start":{"line":56,"column":0},"end":{"line":61,"column":2}},"12":{"start":{"line":63,"column":0},"end":{"line":68,"column":2}},"13":{"start":{"line":70,"column":0},"end":{"line":70,"column":22}}},"fnMap":{"0":{"name":"(anonymous_0)","decl":{"start":{"line":35,"column":12},"end":{"line":35,"column":13}},"loc":{"start":{"line":35,"column":23},"end":{"line":35,"column":32}}},"1":{"name":"(anonymous_1)","decl":{"start":{"line":50,"column":12},"end":{"line":50,"column":13}},"loc":{"start":{"line":50,"column":23},"end":{"line":50,"column":32}}}},"branchMap":{},"s":{"0":2,"1":2,"2":2,"3":2,"4":2,"5":2,"6":2,"7":2,"8":4,"9":2,"10":6,"11":2,"12":2,"13":2},"f":{"0":4,"1":6},"b":{}}
,"C:\\Users\\k.sanchez4\\Desktop\\PERN\\src\\server.ts": {"path":"C:\\Users\\k.sanchez4\\Desktop\\PERN\\src\\server.ts","statementMap":{"0":{"start":{"line":6,"column":0},"end":{"line":6,"column":7}},"1":{"start":{"line":1,"column":0},"end":{"line":1,"column":30}},"2":{"start":{"line":2,"column":0},"end":{"line":2,"column":30}},"3":{"start":{"line":3,"column":0},"end":{"line":3,"column":29}},"4":{"start":{"line":7,"column":2},"end":{"line":14,"column":3}},"5":{"start":{"line":8,"column":4},"end":{"line":8,"column":28}},"6":{"start":{"line":9,"column":4},"end":{"line":9,"column":14}},"7":{"start":{"line":13,"column":4},"end":{"line":13,"column":45}},"8":{"start":{"line":17,"column":0},"end":{"line":17,"column":12}},"9":{"start":{"line":19,"column":15},"end":{"line":19,"column":24}},"10":{"start":{"line":21,"column":0},"end":{"line":21,"column":27}},"11":{"start":{"line":23,"column":0},"end":{"line":23,"column":36}},"12":{"start":{"line":25,"column":0},"end":{"line":25,"column":22}}},"fnMap":{"0":{"name":"connectDB","decl":{"start":{"line":6,"column":22},"end":{"line":6,"column":31}},"loc":{"start":{"line":6,"column":31},"end":{"line":15,"column":1}}}},"branchMap":{},"s":{"0":2,"1":2,"2":2,"3":2,"4":3,"5":3,"6":2,"7":1,"8":2,"9":2,"10":2,"11":2,"12":2},"f":{"0":3},"b":{}}
,"C:\\Users\\k.sanchez4\\Desktop\\PERN\\src\\config\\db.ts": {"path":"C:\\Users\\k.sanchez4\\Desktop\\PERN\\src\\config\\db.ts","statementMap":{"0":{"start":{"line":1,"column":0},"end":{"line":1,"column":49}},"1":{"start":{"line":2,"column":0},"end":{"line":2,"column":28}},"2":{"start":{"line":3,"column":0},"end":{"line":3,"column":46}},"3":{"start":{"line":4,"column":0},"end":{"line":4,"column":24}},"4":{"start":{"line":6,"column":0},"end":{"line":6,"column":16}},"5":{"start":{"line":8,"column":19},"end":{"line":8,"column":66}},"6":{"start":{"line":10,"column":11},"end":{"line":13,"column":2}},"7":{"start":{"line":15,"column":0},"end":{"line":15,"column":24}},"8":{"start":{"line":17,"column":0},"end":{"line":17,"column":18}}},"fnMap":{},"branchMap":{},"s":{"0":2,"1":2,"2":2,"3":2,"4":2,"5":2,"6":2,"7":2,"8":2},"f":{},"b":{}}
,"C:\\Users\\k.sanchez4\\Desktop\\PERN\\src\\handlers\\product.handler.ts": {"path":"C:\\Users\\k.sanchez4\\Desktop\\PERN\\src\\handlers\\product.handler.ts","statementMap":{"0":{"start":{"line":2,"column":0},"end":{"line":2,"column":46}},"1":{"start":{"line":4,"column":30},"end":{"line":9,"column":1}},"2":{"start":{"line":5,"column":2},"end":{"line":8,"column":20}},"3":{"start":{"line":6,"column":21},"end":{"line":6,"column":44}},"4":{"start":{"line":7,"column":4},"end":{"line":7,"column":33}},"5":{"start":{"line":4,"column":13},"end":{"line":4,"column":30}},"6":{"start":{"line":11,"column":30},"end":{"line":20,"column":1}},"7":{"start":{"line":12,"column":2},"end":{"line":19,"column":20}},"8":{"start":{"line":13,"column":21},"end":{"line":13,"column":58}},"9":{"start":{"line":14,"column":4},"end":{"line":17,"column":5}},"10":{"start":{"line":15,"column":6},"end":{"line":15,"column":59}},"11":{"start":{"line":16,"column":6},"end":{"line":16,"column":13}},"12":{"start":{"line":18,"column":4},"end":{"line":18,"column":33}},"13":{"start":{"line":11,"column":13},"end":{"line":11,"column":30}},"14":{"start":{"line":22,"column":29},"end":{"line":27,"column":1}},"15":{"start":{"line":23,"column":2},"end":{"line":26,"column":20}},"16":{"start":{"line":24,"column":20},"end":{"line":24,"column":50}},"17":{"start":{"line":25,"column":4},"end":{"line":25,"column":44}},"18":{"start":{"line":22,"column":13},"end":{"line":22,"column":29}},"19":{"start":{"line":29,"column":29},"end":{"line":41,"column":1}},"20":{"start":{"line":30,"column":2},"end":{"line":40,"column":20}},"21":{"start":{"line":31,"column":20},"end":{"line":31,"column":57}},"22":{"start":{"line":32,"column":4},"end":{"line":35,"column":5}},"23":{"start":{"line":33,"column":6},"end":{"line":33,"column":59}},"24":{"start":{"line":34,"column":6},"end":{"line":34,"column":13}},"25":{"start":{"line":37,"column":4},"end":{"line":37,"column":35}},"26":{"start":{"line":38,"column":4},"end":{"line":38,"column":25}},"27":{"start":{"line":39,"column":4},"end":{"line":39,"column":32}},"28":{"start":{"line":29,"column":13},"end":{"line":29,"column":29}},"29":{"start":{"line":43,"column":34},"end":{"line":55,"column":1}},"30":{"start":{"line":44,"column":2},"end":{"line":54,"column":20}},"31":{"start":{"line":45,"column":20},"end":{"line":45,"column":57}},"32":{"start":{"line":46,"column":4},"end":{"line":49,"column":5}},"33":{"start":{"line":47,"column":6},"end":{"line":47,"column":59}},"34":{"start":{"line":48,"column":6},"end":{"line":48,"column":13}},"35":{"start":{"line":51,"column":4},"end":{"line":51,"column":49}},"36":{"start":{"line":52,"column":4},"end":{"line":52,"column":25}},"37":{"start":{"line":53,"column":4},"end":{"line":53,"column":32}},"38":{"start":{"line":43,"column":13},"end":{"line":43,"column":34}},"39":{"start":{"line":57,"column":29},"end":{"line":68,"column":1}},"40":{"start":{"line":58,"column":2},"end":{"line":67,"column":20}},"41":{"start":{"line":59,"column":20},"end":{"line":59,"column":57}},"42":{"start":{"line":60,"column":4},"end":{"line":63,"column":5}},"43":{"start":{"line":61,"column":6},"end":{"line":61,"column":59}},"44":{"start":{"line":62,"column":6},"end":{"line":62,"column":13}},"45":{"start":{"line":65,"column":4},"end":{"line":65,"column":28}},"46":{"start":{"line":66,"column":4},"end":{"line":66,"column":42}},"47":{"start":{"line":57,"column":13},"end":{"line":57,"column":29}}},"fnMap":{"0":{"name":"(anonymous_1)","decl":{"start":{"line":4,"column":30},"end":{"line":4,"column":35}},"loc":{"start":{"line":4,"column":68},"end":{"line":9,"column":1}}},"1":{"name":"(anonymous_2)","decl":{"start":{"line":11,"column":30},"end":{"line":11,"column":35}},"loc":{"start":{"line":11,"column":68},"end":{"line":20,"column":1}}},"2":{"name":"(anonymous_3)","decl":{"start":{"line":22,"column":29},"end":{"line":22,"column":34}},"loc":{"start":{"line":22,"column":67},"end":{"line":27,"column":1}}},"3":{"name":"(anonymous_4)","decl":{"start":{"line":29,"column":29},"end":{"line":29,"column":34}},"loc":{"start":{"line":29,"column":67},"end":{"line":41,"column":1}}},"4":{"name":"(anonymous_5)","decl":{"start":{"line":43,"column":34},"end":{"line":43,"column":39}},"loc":{"start":{"line":43,"column":72},"end":{"line":55,"column":1}}},"5":{"name":"(anonymous_6)","decl":{"start":{"line":57,"column":29},"end":{"line":57,"column":34}},"loc":{"start":{"line":57,"column":67},"end":{"line":68,"column":1}}}},"branchMap":{"0":{"loc":{"start":{"line":14,"column":4},"end":{"line":17,"column":5}},"type":"if","locations":[{"start":{"line":14,"column":4},"end":{"line":17,"column":5}}]},"1":{"loc":{"start":{"line":32,"column":4},"end":{"line":35,"column":5}},"type":"if","locations":[{"start":{"line":32,"column":4},"end":{"line":35,"column":5}}]},"2":{"loc":{"start":{"line":46,"column":4},"end":{"line":49,"column":5}},"type":"if","locations":[{"start":{"line":46,"column":4},"end":{"line":49,"column":5}}]},"3":{"loc":{"start":{"line":60,"column":4},"end":{"line":63,"column":5}},"type":"if","locations":[{"start":{"line":60,"column":4},"end":{"line":63,"column":5}}]}},"s":{"0":2,"1":2,"2":2,"3":2,"4":2,"5":2,"6":2,"7":3,"8":3,"9":3,"10":1,"11":1,"12":2,"13":2,"14":2,"15":1,"16":1,"17":1,"18":2,"19":2,"20":2,"21":2,"22":2,"23":1,"24":1,"25":1,"26":1,"27":1,"28":2,"29":2,"30":2,"31":2,"32":2,"33":1,"34":1,"35":1,"36":1,"37":1,"38":2,"39":2,"40":2,"41":2,"42":2,"43":1,"44":1,"45":1,"46":1,"47":2},"f":{"0":2,"1":3,"2":1,"3":2,"4":2,"5":2},"b":{"0":[1],"1":[1],"2":[1],"3":[1]}}
,"C:\\Users\\k.sanchez4\\Desktop\\PERN\\src\\middleware\\index.ts": {"path":"C:\\Users\\k.sanchez4\\Desktop\\PERN\\src\\middleware\\index.ts","statementMap":{"0":{"start":{"line":2,"column":0},"end":{"line":2,"column":53}},"1":{"start":{"line":4,"column":33},"end":{"line":15,"column":1}},"2":{"start":{"line":9,"column":15},"end":{"line":9,"column":36}},"3":{"start":{"line":11,"column":2},"end":{"line":13,"column":3}},"4":{"start":{"line":12,"column":4},"end":{"line":12,"column":60}},"5":{"start":{"line":14,"column":2},"end":{"line":14,"column":9}},"6":{"start":{"line":4,"column":13},"end":{"line":4,"column":33}}},"fnMap":{"0":{"name":"(anonymous_0)","decl":{"start":{"line":4,"column":33},"end":{"line":4,"column":null}},"loc":{"start":{"line":8,"column":4},"end":{"line":15,"column":1}}}},"branchMap":{"0":{"loc":{"start":{"line":11,"column":2},"end":{"line":13,"column":3}},"type":"if","locations":[{"start":{"line":11,"column":2},"end":{"line":13,"column":3}}]}},"s":{"0":2,"1":2,"2":20,"3":20,"4":10,"5":10,"6":2},"f":{"0":20},"b":{"0":[10]}}
,"C:\\Users\\k.sanchez4\\Desktop\\PERN\\src\\models\\Product.model.ts": {"path":"C:\\Users\\k.sanchez4\\Desktop\\PERN\\src\\models\\Product.model.ts","statementMap":{"0":{"start":{"line":1,"column":0},"end":{"line":1,"column":79}},"1":{"start":{"line":6,"column":0},"end":{"line":22,"column":null}},"2":{"start":{"line":10,"column":10},"end":{"line":10,"column":null}},"3":{"start":{"line":15,"column":10},"end":{"line":15,"column":null}},"4":{"start":{"line":21,"column":10},"end":{"line":21,"column":null}},"5":{"start":{"line":6,"column":6},"end":{"line":22,"column":null}},"6":{"start":{"line":24,"column":0},"end":{"line":24,"column":23}}},"fnMap":{},"branchMap":{},"s":{"0":3,"1":3,"2":3,"3":3,"4":3,"5":3,"6":3},"f":{},"b":{}}
}
